{"contracts/ElasticVault.sol":{"l":{"62":10,"68":54,"69":54,"70":54,"80":22,"81":25,"83":22,"90":14,"91":9,"92":9,"93":11,"94":4,"97":9,"106":12,"107":7,"108":7,"122":18,"123":17,"124":17,"125":17,"126":17,"127":17,"128":17,"137":12,"138":11,"146":17,"155":17,"156":16,"158":16,"159":16,"161":16,"162":16,"163":16,"164":16,"165":16,"169":16,"170":16,"171":16,"172":16,"181":3,"182":3,"183":2,"185":2,"187":3,"188":3,"189":3,"190":1,"191":1,"193":2,"194":2,"197":2,"200":2,"201":2,"202":2,"203":2,"212":4,"213":3,"215":3,"217":4,"218":4,"219":3,"220":1,"221":1,"223":2,"224":2,"228":2,"229":2,"232":2,"233":2,"234":2,"235":2,"239":10,"241":10,"243":2,"244":2,"246":2,"247":2,"249":2,"250":2,"251":2,"256":2,"258":2,"260":2,"261":2,"262":2,"263":2,"264":2,"266":2,"268":2,"269":2,"270":2,"271":2,"272":2,"273":2,"274":2,"275":2,"278":2,"279":2,"282":2,"285":8,"286":8,"287":8,"288":8,"289":8,"293":10,"297":1,"298":1,"299":1,"300":1,"310":14,"311":14,"318":12,"325":12,"326":12,"330":4,"331":2,"333":4},"path":"/home/dev/git/eefi_contracts/contracts/ElasticVault.sol","s":{"1":10,"2":54,"3":54,"4":54,"5":22,"6":25,"7":22,"8":14,"9":5,"10":9,"11":9,"12":11,"13":4,"14":9,"15":12,"16":5,"17":7,"18":7,"19":18,"20":17,"21":17,"22":17,"23":17,"24":17,"25":17,"26":12,"27":11,"28":17,"29":17,"30":16,"31":16,"32":16,"33":16,"34":16,"35":16,"36":16,"37":16,"38":16,"39":16,"40":16,"41":16,"42":3,"43":3,"44":2,"45":2,"46":3,"47":3,"48":3,"49":1,"50":1,"51":2,"52":2,"53":2,"54":2,"55":2,"56":2,"57":2,"58":4,"59":3,"60":3,"61":4,"62":4,"63":3,"64":1,"65":1,"66":2,"67":2,"68":2,"69":2,"70":2,"71":2,"72":2,"73":2,"74":10,"75":10,"76":2,"77":2,"78":2,"79":2,"80":2,"81":2,"82":2,"83":2,"84":2,"85":2,"86":2,"87":2,"88":2,"89":2,"90":2,"91":2,"92":2,"93":2,"94":2,"95":2,"96":2,"97":2,"98":2,"99":2,"100":2,"101":2,"102":8,"103":8,"104":8,"105":8,"106":8,"107":10,"108":1,"109":1,"110":1,"111":1,"112":14,"113":14,"114":12,"115":12,"116":12,"117":4,"118":2,"119":4},"b":{"1":[5,9],"2":[4,7],"3":[5,7],"4":[17,1],"5":[11,1],"6":[16,0],"7":[2,1],"8":[3,0],"9":[1,2],"10":[3,1],"11":[3,1],"12":[1,2],"13":[2,8],"14":[2,0],"15":[8,0]},"f":{"1":10,"2":54,"3":22,"4":14,"5":12,"6":18,"7":12,"8":17,"9":17,"10":3,"11":4,"12":10,"13":1,"14":14,"15":12,"16":12,"17":4},"fnMap":{"1":{"name":"TESTMINT","line":61,"loc":{"start":{"line":61,"column":4},"end":{"line":63,"column":4}}},"2":{"name":"constructor","line":67,"loc":{"start":{"line":65,"column":4},"end":{"line":71,"column":4}}},"3":{"name":"totalStakedFor","line":79,"loc":{"start":{"line":79,"column":4},"end":{"line":84,"column":4}}},"4":{"name":"totalClaimableBy","line":89,"loc":{"start":{"line":89,"column":4},"end":{"line":98,"column":4}}},"5":{"name":"balanceOf","line":105,"loc":{"start":{"line":105,"column":4},"end":{"line":109,"column":4}}},"6":{"name":"initialize","line":120,"loc":{"start":{"line":119,"column":4},"end":{"line":129,"column":4}}},"7":{"name":"setTrader","line":136,"loc":{"start":{"line":136,"column":4},"end":{"line":139,"column":4}}},"8":{"name":"makeDeposit","line":145,"loc":{"start":{"line":145,"column":4},"end":{"line":147,"column":4}}},"9":{"name":"depositFor","line":154,"loc":{"start":{"line":154,"column":4},"end":{"line":173,"column":4}}},"10":{"name":"withdrawAMPL","line":180,"loc":{"start":{"line":180,"column":4},"end":{"line":204,"column":4}}},"11":{"name":"withdraw","line":211,"loc":{"start":{"line":211,"column":4},"end":{"line":236,"column":4}}},"12":{"name":"_rebase","line":238,"loc":{"start":{"line":238,"column":4},"end":{"line":294,"column":4}}},"13":{"name":"claim","line":296,"loc":{"start":{"line":296,"column":4},"end":{"line":301,"column":4}}},"14":{"name":"getReward","line":309,"loc":{"start":{"line":309,"column":4},"end":{"line":312,"column":4}}},"15":{"name":"totalStaked","line":317,"loc":{"start":{"line":317,"column":4},"end":{"line":319,"column":4}}},"16":{"name":"totalReward","line":324,"loc":{"start":{"line":324,"column":4},"end":{"line":327,"column":4}}},"17":{"name":"_popDeposit","line":329,"loc":{"start":{"line":329,"column":4},"end":{"line":334,"column":4}}}},"statementMap":{"1":{"start":{"line":62,"column":8},"end":{"line":62,"column":35}},"2":{"start":{"line":68,"column":8},"end":{"line":68,"column":35}},"3":{"start":{"line":69,"column":8},"end":{"line":69,"column":59}},"4":{"start":{"line":70,"column":8},"end":{"line":70,"column":49}},"5":{"start":{"line":80,"column":8},"end":{"line":80,"column":2976}},"6":{"start":{"line":81,"column":12},"end":{"line":81,"column":48}},"7":{"start":{"line":83,"column":8},"end":{"line":83,"column":20}},"8":{"start":{"line":90,"column":8},"end":{"line":90,"column":52}},"9":{"start":{"line":90,"column":44},"end":{"line":90,"column":52}},"10":{"start":{"line":91,"column":8},"end":{"line":91,"column":67}},"11":{"start":{"line":92,"column":8},"end":{"line":92,"column":3418}},"12":{"start":{"line":93,"column":12},"end":{"line":93,"column":3488}},"13":{"start":{"line":94,"column":16},"end":{"line":94,"column":52}},"14":{"start":{"line":97,"column":8},"end":{"line":97,"column":74}},"15":{"start":{"line":106,"column":8},"end":{"line":106,"column":52}},"16":{"start":{"line":106,"column":44},"end":{"line":106,"column":52}},"17":{"start":{"line":107,"column":8},"end":{"line":107,"column":67}},"18":{"start":{"line":108,"column":8},"end":{"line":108,"column":104}},"19":{"start":{"line":122,"column":8},"end":{"line":122,"column":102}},"20":{"start":{"line":123,"column":8},"end":{"line":123,"column":39}},"21":{"start":{"line":124,"column":8},"end":{"line":124,"column":39}},"22":{"start":{"line":125,"column":8},"end":{"line":125,"column":39}},"23":{"start":{"line":126,"column":8},"end":{"line":126,"column":35}},"24":{"start":{"line":127,"column":8},"end":{"line":127,"column":27}},"25":{"start":{"line":128,"column":8},"end":{"line":128,"column":46}},"26":{"start":{"line":137,"column":8},"end":{"line":137,"column":81}},"27":{"start":{"line":138,"column":8},"end":{"line":138,"column":23}},"28":{"start":{"line":146,"column":8},"end":{"line":146,"column":37}},"29":{"start":{"line":155,"column":8},"end":{"line":155,"column":70}},"30":{"start":{"line":156,"column":8},"end":{"line":156,"column":69}},"31":{"start":{"line":158,"column":8},"end":{"line":158,"column":52}},"32":{"start":{"line":159,"column":8},"end":{"line":159,"column":75}},"33":{"start":{"line":161,"column":8},"end":{"line":161,"column":6310}},"34":{"start":{"line":162,"column":12},"end":{"line":162,"column":54}},"35":{"start":{"line":163,"column":12},"end":{"line":163,"column":93}},"36":{"start":{"line":164,"column":12},"end":{"line":164,"column":49}},"37":{"start":{"line":165,"column":12},"end":{"line":165,"column":64}},"38":{"start":{"line":169,"column":8},"end":{"line":169,"column":45}},"39":{"start":{"line":170,"column":8},"end":{"line":170,"column":44}},"40":{"start":{"line":171,"column":8},"end":{"line":171,"column":64}},"41":{"start":{"line":172,"column":8},"end":{"line":172,"column":69}},"42":{"start":{"line":181,"column":8},"end":{"line":181,"column":109}},"43":{"start":{"line":182,"column":8},"end":{"line":182,"column":91}},"44":{"start":{"line":183,"column":8},"end":{"line":183,"column":36}},"45":{"start":{"line":185,"column":8},"end":{"line":185,"column":7489}},"46":{"start":{"line":187,"column":12},"end":{"line":187,"column":67}},"47":{"start":{"line":188,"column":12},"end":{"line":188,"column":117}},"48":{"start":{"line":189,"column":12},"end":{"line":189,"column":7777}},"49":{"start":{"line":190,"column":16},"end":{"line":190,"column":63}},"50":{"start":{"line":191,"column":16},"end":{"line":191,"column":30}},"51":{"start":{"line":193,"column":16},"end":{"line":193,"column":60}},"52":{"start":{"line":194,"column":16},"end":{"line":194,"column":28}},"53":{"start":{"line":197,"column":8},"end":{"line":197,"column":51}},"54":{"start":{"line":200,"column":8},"end":{"line":200,"column":51}},"55":{"start":{"line":201,"column":8},"end":{"line":201,"column":50}},"56":{"start":{"line":202,"column":8},"end":{"line":202,"column":72}},"57":{"start":{"line":203,"column":8},"end":{"line":203,"column":69}},"58":{"start":{"line":212,"column":8},"end":{"line":212,"column":91}},"59":{"start":{"line":213,"column":8},"end":{"line":213,"column":36}},"60":{"start":{"line":215,"column":8},"end":{"line":215,"column":8830}},"61":{"start":{"line":217,"column":12},"end":{"line":217,"column":67}},"62":{"start":{"line":218,"column":12},"end":{"line":218,"column":117}},"63":{"start":{"line":219,"column":12},"end":{"line":219,"column":9118}},"64":{"start":{"line":220,"column":16},"end":{"line":220,"column":63}},"65":{"start":{"line":221,"column":16},"end":{"line":221,"column":30}},"66":{"start":{"line":223,"column":16},"end":{"line":223,"column":60}},"67":{"start":{"line":224,"column":16},"end":{"line":224,"column":28}},"68":{"start":{"line":228,"column":8},"end":{"line":228,"column":114}},"69":{"start":{"line":229,"column":8},"end":{"line":229,"column":56}},"70":{"start":{"line":232,"column":8},"end":{"line":232,"column":51}},"71":{"start":{"line":233,"column":8},"end":{"line":233,"column":50}},"72":{"start":{"line":234,"column":8},"end":{"line":234,"column":77}},"73":{"start":{"line":235,"column":8},"end":{"line":235,"column":69}},"74":{"start":{"line":239,"column":8},"end":{"line":239,"column":66}},"75":{"start":{"line":241,"column":8},"end":{"line":241,"column":10117}},"76":{"start":{"line":243,"column":12},"end":{"line":243,"column":42}},"77":{"start":{"line":244,"column":12},"end":{"line":244,"column":84}},"78":{"start":{"line":246,"column":12},"end":{"line":246,"column":84}},"79":{"start":{"line":247,"column":12},"end":{"line":247,"column":99}},"80":{"start":{"line":249,"column":12},"end":{"line":249,"column":80}},"81":{"start":{"line":250,"column":12},"end":{"line":250,"column":78}},"82":{"start":{"line":251,"column":12},"end":{"line":251,"column":88}},"83":{"start":{"line":256,"column":12},"end":{"line":256,"column":70}},"84":{"start":{"line":258,"column":12},"end":{"line":258,"column":43}},"85":{"start":{"line":260,"column":12},"end":{"line":260,"column":65}},"86":{"start":{"line":261,"column":12},"end":{"line":261,"column":106}},"87":{"start":{"line":262,"column":12},"end":{"line":262,"column":65}},"88":{"start":{"line":263,"column":12},"end":{"line":263,"column":50}},"89":{"start":{"line":264,"column":12},"end":{"line":264,"column":30}},"90":{"start":{"line":266,"column":12},"end":{"line":266,"column":41}},"91":{"start":{"line":268,"column":12},"end":{"line":268,"column":99}},"92":{"start":{"line":269,"column":12},"end":{"line":269,"column":101}},"93":{"start":{"line":270,"column":12},"end":{"line":270,"column":101}},"94":{"start":{"line":271,"column":12},"end":{"line":271,"column":104}},"95":{"start":{"line":272,"column":12},"end":{"line":272,"column":79}},"96":{"start":{"line":273,"column":12},"end":{"line":273,"column":62}},"97":{"start":{"line":274,"column":12},"end":{"line":274,"column":62}},"98":{"start":{"line":275,"column":12},"end":{"line":275,"column":62}},"99":{"start":{"line":278,"column":12},"end":{"line":278,"column":69}},"100":{"start":{"line":279,"column":12},"end":{"line":279,"column":50}},"101":{"start":{"line":282,"column":12},"end":{"line":282,"column":51}},"102":{"start":{"line":285,"column":12},"end":{"line":285,"column":12405}},"103":{"start":{"line":286,"column":16},"end":{"line":286,"column":142}},"104":{"start":{"line":287,"column":16},"end":{"line":287,"column":54}},"105":{"start":{"line":288,"column":16},"end":{"line":288,"column":75}},"106":{"start":{"line":289,"column":16},"end":{"line":289,"column":62}},"107":{"start":{"line":293,"column":8},"end":{"line":293,"column":49}},"108":{"start":{"line":297,"column":8},"end":{"line":297,"column":60}},"109":{"start":{"line":298,"column":8},"end":{"line":298,"column":70}},"110":{"start":{"line":299,"column":8},"end":{"line":299,"column":72}},"111":{"start":{"line":300,"column":8},"end":{"line":300,"column":44}},"112":{"start":{"line":310,"column":8},"end":{"line":310,"column":43}},"113":{"start":{"line":311,"column":8},"end":{"line":311,"column":46}},"114":{"start":{"line":318,"column":8},"end":{"line":318,"column":40}},"115":{"start":{"line":325,"column":8},"end":{"line":325,"column":44}},"116":{"start":{"line":326,"column":8},"end":{"line":326,"column":41}},"117":{"start":{"line":330,"column":8},"end":{"line":330,"column":14203}},"118":{"start":{"line":331,"column":12},"end":{"line":331,"column":66}},"119":{"start":{"line":333,"column":8},"end":{"line":333,"column":34}}},"branchMap":{"1":{"line":90,"type":"if","locations":[{"start":{"line":90,"column":8},"end":{"line":90,"column":8}},{"start":{"line":90,"column":8},"end":{"line":90,"column":8}}]},"2":{"line":93,"type":"if","locations":[{"start":{"line":93,"column":12},"end":{"line":93,"column":12}},{"start":{"line":93,"column":12},"end":{"line":93,"column":12}}]},"3":{"line":106,"type":"if","locations":[{"start":{"line":106,"column":8},"end":{"line":106,"column":8}},{"start":{"line":106,"column":8},"end":{"line":106,"column":8}}]},"4":{"line":122,"type":"if","locations":[{"start":{"line":122,"column":8},"end":{"line":122,"column":8}},{"start":{"line":122,"column":8},"end":{"line":122,"column":8}}]},"5":{"line":137,"type":"if","locations":[{"start":{"line":137,"column":8},"end":{"line":137,"column":8}},{"start":{"line":137,"column":8},"end":{"line":137,"column":8}}]},"6":{"line":161,"type":"if","locations":[{"start":{"line":161,"column":8},"end":{"line":161,"column":8}},{"start":{"line":161,"column":8},"end":{"line":161,"column":8}}]},"7":{"line":182,"type":"if","locations":[{"start":{"line":182,"column":8},"end":{"line":182,"column":8}},{"start":{"line":182,"column":8},"end":{"line":182,"column":8}}]},"8":{"line":188,"type":"if","locations":[{"start":{"line":188,"column":12},"end":{"line":188,"column":12}},{"start":{"line":188,"column":12},"end":{"line":188,"column":12}}]},"9":{"line":189,"type":"if","locations":[{"start":{"line":189,"column":12},"end":{"line":189,"column":12}},{"start":{"line":189,"column":12},"end":{"line":189,"column":12}}]},"10":{"line":212,"type":"if","locations":[{"start":{"line":212,"column":8},"end":{"line":212,"column":8}},{"start":{"line":212,"column":8},"end":{"line":212,"column":8}}]},"11":{"line":218,"type":"if","locations":[{"start":{"line":218,"column":12},"end":{"line":218,"column":12}},{"start":{"line":218,"column":12},"end":{"line":218,"column":12}}]},"12":{"line":219,"type":"if","locations":[{"start":{"line":219,"column":12},"end":{"line":219,"column":12}},{"start":{"line":219,"column":12},"end":{"line":219,"column":12}}]},"13":{"line":241,"type":"if","locations":[{"start":{"line":241,"column":8},"end":{"line":241,"column":8}},{"start":{"line":241,"column":8},"end":{"line":241,"column":8}}]},"14":{"line":244,"type":"if","locations":[{"start":{"line":244,"column":12},"end":{"line":244,"column":12}},{"start":{"line":244,"column":12},"end":{"line":244,"column":12}}]},"15":{"line":285,"type":"if","locations":[{"start":{"line":285,"column":12},"end":{"line":285,"column":12}},{"start":{"line":285,"column":12},"end":{"line":285,"column":12}}]}}},"contracts/AMPLRebaser.sol":{"l":{"20":82,"21":81,"22":81,"23":81,"28":16,"29":14,"30":14,"31":14,"32":12,"33":12},"path":"/home/dev/git/eefi_contracts/contracts/AMPLRebaser.sol","s":{"1":82,"2":81,"3":81,"4":81,"5":16,"6":14,"7":14,"8":14,"9":12,"10":12},"b":{"1":[81,1],"2":[14,2]},"f":{"1":82,"2":16,"3":0},"fnMap":{"1":{"name":"constructor","line":19,"loc":{"start":{"line":19,"column":4},"end":{"line":24,"column":4}}},"2":{"name":"rebase","line":26,"loc":{"start":{"line":26,"column":4},"end":{"line":34,"column":4}}},"3":{"name":"_rebase","line":36,"loc":{"start":{"line":36,"column":4},"end":{"line":37,"column":4}}}},"statementMap":{"1":{"start":{"line":20,"column":8},"end":{"line":20,"column":92}},"2":{"start":{"line":21,"column":8},"end":{"line":21,"column":31}},"3":{"start":{"line":22,"column":8},"end":{"line":22,"column":51}},"4":{"start":{"line":23,"column":8},"end":{"line":23,"column":41}},"5":{"start":{"line":28,"column":8},"end":{"line":28,"column":123}},"6":{"start":{"line":29,"column":8},"end":{"line":29,"column":41}},"7":{"start":{"line":30,"column":8},"end":{"line":30,"column":54}},"8":{"start":{"line":31,"column":8},"end":{"line":31,"column":44}},"9":{"start":{"line":32,"column":8},"end":{"line":32,"column":49}},"10":{"start":{"line":33,"column":8},"end":{"line":33,"column":36}}},"branchMap":{"1":{"line":20,"type":"if","locations":[{"start":{"line":20,"column":8},"end":{"line":20,"column":8}},{"start":{"line":20,"column":8},"end":{"line":20,"column":8}}]},"2":{"line":28,"type":"if","locations":[{"start":{"line":28,"column":8},"end":{"line":28,"column":8}},{"start":{"line":28,"column":8},"end":{"line":28,"column":8}}]}}},"contracts/BalancerTrader.sol":{"l":{"36":0,"37":0,"38":0,"39":0,"40":0,"51":0,"52":0,"53":0,"54":0,"55":0,"62":0,"63":0,"64":0,"77":0},"path":"/home/dev/git/eefi_contracts/contracts/BalancerTrader.sol","s":{"1":0,"2":0,"3":0,"4":0,"5":0,"6":0,"7":0,"8":0,"9":0,"10":0,"11":0,"12":0,"13":0,"14":0},"b":{"1":[0,0],"2":[0,0],"3":[0,0]},"f":{"1":0,"2":0,"3":0},"fnMap":{"1":{"name":"constructor","line":35,"loc":{"start":{"line":35,"column":4},"end":{"line":41,"column":4}}},"2":{"name":"sellAMPLForOHM","line":50,"loc":{"start":{"line":50,"column":4},"end":{"line":56,"column":4}}},"3":{"name":"sellAMPLForEEFI","line":61,"loc":{"start":{"line":61,"column":4},"end":{"line":78,"column":4}}}},"statementMap":{"1":{"start":{"line":36,"column":8},"end":{"line":36,"column":95}},"2":{"start":{"line":37,"column":8},"end":{"line":37,"column":37}},"3":{"start":{"line":38,"column":8},"end":{"line":38,"column":39}},"4":{"start":{"line":39,"column":8},"end":{"line":39,"column":96}},"5":{"start":{"line":40,"column":8},"end":{"line":40,"column":95}},"6":{"start":{"line":51,"column":8},"end":{"line":51,"column":64}},"7":{"start":{"line":52,"column":8},"end":{"line":52,"column":107}},"8":{"start":{"line":53,"column":8},"end":{"line":53,"column":36}},"9":{"start":{"line":54,"column":8},"end":{"line":54,"column":37}},"10":{"start":{"line":55,"column":8},"end":{"line":55,"column":40}},"11":{"start":{"line":62,"column":8},"end":{"line":62,"column":64}},"12":{"start":{"line":63,"column":8},"end":{"line":63,"column":118}},"13":{"start":{"line":64,"column":8},"end":{"line":64,"column":2636}},"14":{"start":{"line":77,"column":8},"end":{"line":77,"column":42}}},"branchMap":{"1":{"line":36,"type":"if","locations":[{"start":{"line":36,"column":8},"end":{"line":36,"column":8}},{"start":{"line":36,"column":8},"end":{"line":36,"column":8}}]},"2":{"line":39,"type":"if","locations":[{"start":{"line":39,"column":8},"end":{"line":39,"column":8}},{"start":{"line":39,"column":8},"end":{"line":39,"column":8}}]},"3":{"line":40,"type":"if","locations":[{"start":{"line":40,"column":8},"end":{"line":40,"column":8}},{"start":{"line":40,"column":8},"end":{"line":40,"column":8}}]}}},"contracts/Distribute.sol":{"l":{"48":616,"49":616,"58":73,"59":72,"60":71,"61":71,"62":57,"65":71,"66":71,"68":71,"69":71,"78":22,"79":21,"80":20,"81":19,"82":19,"83":19,"84":19,"85":10,"88":19,"90":8,"91":5,"94":3,"104":6,"105":6,"115":43,"116":30,"117":30,"119":13,"122":43,"124":23,"125":23,"129":20,"130":0,"131":0,"134":20,"135":20,"136":20,"137":20,"138":20,"141":20,"150":69,"157":139,"166":163,"173":24,"174":12,"176":12,"187":182},"path":"/home/dev/git/eefi_contracts/contracts/Distribute.sol","s":{"1":616,"2":616,"3":73,"4":72,"5":71,"6":71,"7":71,"8":71,"9":71,"10":71,"11":22,"12":21,"13":20,"14":19,"15":19,"16":19,"17":19,"18":19,"19":11,"20":8,"21":5,"22":3,"23":6,"24":6,"25":43,"26":30,"27":0,"28":30,"29":13,"30":43,"31":23,"32":23,"33":20,"34":0,"35":0,"36":20,"37":20,"38":20,"39":20,"40":20,"41":20,"42":69,"43":139,"44":163,"45":24,"46":12,"47":12,"48":182},"b":{"1":[72,1],"2":[71,1],"3":[57,14],"4":[21,1],"5":[20,1],"6":[19,1],"7":[10,9],"8":[11,8],"9":[5,3],"10":[30,13],"11":[0,30],"12":[23,20],"13":[0,20],"14":[12,12]},"f":{"1":616,"2":73,"3":22,"4":6,"5":43,"6":69,"7":139,"8":163,"9":24,"10":182},"fnMap":{"1":{"name":"constructor","line":47,"loc":{"start":{"line":47,"column":4},"end":{"line":50,"column":4}}},"2":{"name":"stakeFor","line":57,"loc":{"start":{"line":57,"column":4},"end":{"line":70,"column":4}}},"3":{"name":"unstakeFrom","line":77,"loc":{"start":{"line":77,"column":4},"end":{"line":96,"column":4}}},"4":{"name":"withdrawFrom","line":103,"loc":{"start":{"line":103,"column":4},"end":{"line":106,"column":4}}},"5":{"name":"distribute","line":114,"loc":{"start":{"line":114,"column":4},"end":{"line":142,"column":4}}},"6":{"name":"totalStakedFor","line":149,"loc":{"start":{"line":149,"column":4},"end":{"line":151,"column":4}}},"7":{"name":"totalStaked","line":156,"loc":{"start":{"line":156,"column":4},"end":{"line":158,"column":4}}},"8":{"name":"getReward","line":165,"loc":{"start":{"line":165,"column":4},"end":{"line":167,"column":4}}},"9":{"name":"getTotalReward","line":172,"loc":{"start":{"line":172,"column":4},"end":{"line":178,"column":4}}},"10":{"name":"_getReward","line":186,"loc":{"start":{"line":186,"column":4},"end":{"line":188,"column":4}}}},"statementMap":{"1":{"start":{"line":48,"column":8},"end":{"line":48,"column":35}},"2":{"start":{"line":49,"column":8},"end":{"line":49,"column":31}},"3":{"start":{"line":58,"column":8},"end":{"line":58,"column":68}},"4":{"start":{"line":59,"column":8},"end":{"line":59,"column":74}},"5":{"start":{"line":60,"column":8},"end":{"line":60,"column":48}},"6":{"start":{"line":61,"column":8},"end":{"line":61,"column":2257}},"7":{"start":{"line":65,"column":8},"end":{"line":65,"column":55}},"8":{"start":{"line":66,"column":8},"end":{"line":66,"column":54}},"9":{"start":{"line":68,"column":8},"end":{"line":68,"column":82}},"10":{"start":{"line":69,"column":8},"end":{"line":69,"column":65}},"11":{"start":{"line":78,"column":8},"end":{"line":78,"column":68}},"12":{"start":{"line":79,"column":8},"end":{"line":79,"column":74}},"13":{"start":{"line":80,"column":8},"end":{"line":80,"column":81}},"14":{"start":{"line":81,"column":8},"end":{"line":81,"column":55}},"15":{"start":{"line":82,"column":8},"end":{"line":82,"column":48}},"16":{"start":{"line":83,"column":8},"end":{"line":83,"column":54}},"17":{"start":{"line":84,"column":8},"end":{"line":84,"column":3297}},"18":{"start":{"line":88,"column":8},"end":{"line":88,"column":33}},"19":{"start":{"line":88,"column":27},"end":{"line":88,"column":33}},"20":{"start":{"line":90,"column":8},"end":{"line":90,"column":3467}},"21":{"start":{"line":91,"column":12},"end":{"line":91,"column":56}},"22":{"start":{"line":94,"column":12},"end":{"line":94,"column":38}},"23":{"start":{"line":104,"column":8},"end":{"line":104,"column":35}},"24":{"start":{"line":105,"column":8},"end":{"line":105,"column":32}},"25":{"start":{"line":115,"column":8},"end":{"line":115,"column":4286}},"26":{"start":{"line":116,"column":12},"end":{"line":116,"column":34}},"27":{"start":{"line":116,"column":28},"end":{"line":116,"column":34}},"28":{"start":{"line":117,"column":12},"end":{"line":117,"column":69}},"29":{"start":{"line":119,"column":12},"end":{"line":119,"column":29}},"30":{"start":{"line":122,"column":8},"end":{"line":122,"column":4504}},"31":{"start":{"line":124,"column":12},"end":{"line":124,"column":46}},"32":{"start":{"line":125,"column":12},"end":{"line":125,"column":18}},"33":{"start":{"line":129,"column":8},"end":{"line":129,"column":4736}},"34":{"start":{"line":130,"column":12},"end":{"line":130,"column":42}},"35":{"start":{"line":131,"column":12},"end":{"line":131,"column":25}},"36":{"start":{"line":134,"column":8},"end":{"line":134,"column":62}},"37":{"start":{"line":135,"column":8},"end":{"line":135,"column":55}},"38":{"start":{"line":136,"column":8},"end":{"line":136,"column":64}},"39":{"start":{"line":137,"column":8},"end":{"line":137,"column":66}},"40":{"start":{"line":138,"column":8},"end":{"line":138,"column":49}},"41":{"start":{"line":141,"column":8},"end":{"line":141,"column":64}},"42":{"start":{"line":150,"column":8},"end":{"line":150,"column":31}},"43":{"start":{"line":157,"column":8},"end":{"line":157,"column":28}},"44":{"start":{"line":166,"column":8},"end":{"line":166,"column":51}},"45":{"start":{"line":173,"column":8},"end":{"line":173,"column":6286}},"46":{"start":{"line":174,"column":12},"end":{"line":174,"column":56}},"47":{"start":{"line":176,"column":12},"end":{"line":176,"column":40}},"48":{"start":{"line":187,"column":8},"end":{"line":187,"column":80}}},"branchMap":{"1":{"line":58,"type":"if","locations":[{"start":{"line":58,"column":8},"end":{"line":58,"column":8}},{"start":{"line":58,"column":8},"end":{"line":58,"column":8}}]},"2":{"line":59,"type":"if","locations":[{"start":{"line":59,"column":8},"end":{"line":59,"column":8}},{"start":{"line":59,"column":8},"end":{"line":59,"column":8}}]},"3":{"line":61,"type":"if","locations":[{"start":{"line":61,"column":8},"end":{"line":61,"column":8}},{"start":{"line":61,"column":8},"end":{"line":61,"column":8}}]},"4":{"line":78,"type":"if","locations":[{"start":{"line":78,"column":8},"end":{"line":78,"column":8}},{"start":{"line":78,"column":8},"end":{"line":78,"column":8}}]},"5":{"line":79,"type":"if","locations":[{"start":{"line":79,"column":8},"end":{"line":79,"column":8}},{"start":{"line":79,"column":8},"end":{"line":79,"column":8}}]},"6":{"line":80,"type":"if","locations":[{"start":{"line":80,"column":8},"end":{"line":80,"column":8}},{"start":{"line":80,"column":8},"end":{"line":80,"column":8}}]},"7":{"line":84,"type":"if","locations":[{"start":{"line":84,"column":8},"end":{"line":84,"column":8}},{"start":{"line":84,"column":8},"end":{"line":84,"column":8}}]},"8":{"line":88,"type":"if","locations":[{"start":{"line":88,"column":8},"end":{"line":88,"column":8}},{"start":{"line":88,"column":8},"end":{"line":88,"column":8}}]},"9":{"line":90,"type":"if","locations":[{"start":{"line":90,"column":8},"end":{"line":90,"column":8}},{"start":{"line":90,"column":8},"end":{"line":90,"column":8}}]},"10":{"line":115,"type":"if","locations":[{"start":{"line":115,"column":8},"end":{"line":115,"column":8}},{"start":{"line":115,"column":8},"end":{"line":115,"column":8}}]},"11":{"line":116,"type":"if","locations":[{"start":{"line":116,"column":12},"end":{"line":116,"column":12}},{"start":{"line":116,"column":12},"end":{"line":116,"column":12}}]},"12":{"line":122,"type":"if","locations":[{"start":{"line":122,"column":8},"end":{"line":122,"column":8}},{"start":{"line":122,"column":8},"end":{"line":122,"column":8}}]},"13":{"line":129,"type":"if","locations":[{"start":{"line":129,"column":8},"end":{"line":129,"column":8}},{"start":{"line":129,"column":8},"end":{"line":129,"column":8}}]},"14":{"line":173,"type":"if","locations":[{"start":{"line":173,"column":8},"end":{"line":173,"column":8}},{"start":{"line":173,"column":8},"end":{"line":173,"column":8}}]}}},"contracts/EEFIToken.sol":{"l":{"14":77,"18":2},"path":"/home/dev/git/eefi_contracts/contracts/EEFIToken.sol","s":{"1":77,"2":2},"b":{},"f":{"1":54,"2":77,"3":2},"fnMap":{"1":{"name":"constructor","line":10,"loc":{"start":{"line":8,"column":4},"end":{"line":11,"column":4}}},"2":{"name":"mint","line":13,"loc":{"start":{"line":13,"column":4},"end":{"line":15,"column":4}}},"3":{"name":"burn","line":17,"loc":{"start":{"line":17,"column":4},"end":{"line":19,"column":4}}}},"statementMap":{"1":{"start":{"line":14,"column":8},"end":{"line":14,"column":29}},"2":{"start":{"line":18,"column":8},"end":{"line":18,"column":29}}},"branchMap":{}},"contracts/interfaces/IBalancerTrader.sol":{"l":{},"path":"/home/dev/git/eefi_contracts/contracts/interfaces/IBalancerTrader.sol","s":{},"b":{},"f":{},"fnMap":{},"statementMap":{},"branchMap":{}},"contracts/interfaces/IERC900.sol":{"l":{},"path":"/home/dev/git/eefi_contracts/contracts/interfaces/IERC900.sol","s":{},"b":{},"f":{},"fnMap":{},"statementMap":{},"branchMap":{}},"contracts/interfaces/IStakingERC20.sol":{"l":{},"path":"/home/dev/git/eefi_contracts/contracts/interfaces/IStakingERC20.sol","s":{},"b":{},"f":{},"fnMap":{},"statementMap":{},"branchMap":{}},"contracts/Pioneer1Vault.sol":{"l":{"32":4,"33":3,"37":4,"39":3,"41":2,"43":2,"45":2,"47":2,"49":2,"50":2,"51":1,"56":4,"57":4},"path":"/home/dev/git/eefi_contracts/contracts/Pioneer1Vault.sol","s":{"1":4,"2":3,"3":4,"4":3,"5":2,"6":2,"7":2,"8":2,"9":2,"10":2,"11":1,"12":4,"13":4},"b":{"1":[3,1],"2":[3,1],"3":[2,1],"4":[1,1]},"f":{"1":27,"2":4,"3":4,"4":4},"fnMap":{"1":{"name":"constructor","line":26,"loc":{"start":{"line":19,"column":4},"end":{"line":27,"column":4}}},"2":{"name":"setTrader","line":31,"loc":{"start":{"line":31,"column":4},"end":{"line":34,"column":4}}},"3":{"name":"_rebase","line":36,"loc":{"start":{"line":36,"column":4},"end":{"line":53,"column":4}}},"4":{"name":"_toSell","line":55,"loc":{"start":{"line":55,"column":4},"end":{"line":58,"column":4}}}},"statementMap":{"1":{"start":{"line":32,"column":8},"end":{"line":32,"column":79}},"2":{"start":{"line":33,"column":8},"end":{"line":33,"column":23}},"3":{"start":{"line":37,"column":8},"end":{"line":37,"column":1085}},"4":{"start":{"line":39,"column":12},"end":{"line":39,"column":82}},"5":{"start":{"line":41,"column":12},"end":{"line":41,"column":66}},"6":{"start":{"line":43,"column":12},"end":{"line":43,"column":89}},"7":{"start":{"line":45,"column":12},"end":{"line":45,"column":45}},"8":{"start":{"line":47,"column":12},"end":{"line":47,"column":55}},"9":{"start":{"line":49,"column":12},"end":{"line":49,"column":50}},"10":{"start":{"line":50,"column":12},"end":{"line":50,"column":119}},"11":{"start":{"line":51,"column":12},"end":{"line":51,"column":89}},"12":{"start":{"line":56,"column":8},"end":{"line":56,"column":114}},"13":{"start":{"line":57,"column":8},"end":{"line":57,"column":50}}},"branchMap":{"1":{"line":32,"type":"if","locations":[{"start":{"line":32,"column":8},"end":{"line":32,"column":8}},{"start":{"line":32,"column":8},"end":{"line":32,"column":8}}]},"2":{"line":37,"type":"if","locations":[{"start":{"line":37,"column":8},"end":{"line":37,"column":8}},{"start":{"line":37,"column":8},"end":{"line":37,"column":8}}]},"3":{"line":39,"type":"if","locations":[{"start":{"line":39,"column":12},"end":{"line":39,"column":12}},{"start":{"line":39,"column":12},"end":{"line":39,"column":12}}]},"4":{"line":50,"type":"if","locations":[{"start":{"line":50,"column":12},"end":{"line":50,"column":12}},{"start":{"line":50,"column":12},"end":{"line":50,"column":12}}]}}},"contracts/StakingERC20.sol":{"l":{"24":180,"25":180,"26":180,"30":8,"31":8,"35":18,"36":18,"45":2,"56":6,"57":6,"58":6,"59":6,"60":6,"69":1,"70":1,"71":1,"72":1,"73":1,"81":1,"82":1,"91":23,"99":16,"106":0,"107":0,"115":16,"123":16,"133":18,"134":18},"path":"/home/dev/git/eefi_contracts/contracts/StakingERC20.sol","s":{"1":180,"2":180,"3":180,"4":8,"5":8,"6":18,"7":18,"8":2,"9":6,"10":6,"11":6,"12":6,"13":6,"14":1,"15":1,"16":1,"17":1,"18":1,"19":1,"20":1,"21":23,"22":16,"23":0,"24":0,"25":16,"26":16,"27":18,"28":18},"b":{},"f":{"1":180,"2":8,"3":18,"4":2,"5":6,"6":1,"7":1,"8":23,"9":16,"10":0,"11":16,"12":16,"13":18},"fnMap":{"1":{"name":"constructor","line":23,"loc":{"start":{"line":23,"column":4},"end":{"line":27,"column":4}}},"2":{"name":"distribute_eth","line":29,"loc":{"start":{"line":29,"column":4},"end":{"line":32,"column":4}}},"3":{"name":"distribute","line":34,"loc":{"start":{"line":34,"column":4},"end":{"line":37,"column":4}}},"4":{"name":"stake","line":44,"loc":{"start":{"line":44,"column":4},"end":{"line":46,"column":4}}},"5":{"name":"stakeFor","line":54,"loc":{"start":{"line":54,"column":4},"end":{"line":61,"column":4}}},"6":{"name":"unstake","line":68,"loc":{"start":{"line":68,"column":4},"end":{"line":74,"column":4}}},"7":{"name":"withdraw","line":80,"loc":{"start":{"line":80,"column":4},"end":{"line":83,"column":4}}},"8":{"name":"totalStakedFor","line":90,"loc":{"start":{"line":90,"column":4},"end":{"line":92,"column":4}}},"9":{"name":"totalStaked","line":98,"loc":{"start":{"line":98,"column":4},"end":{"line":100,"column":4}}},"10":{"name":"totalReward","line":105,"loc":{"start":{"line":105,"column":4},"end":{"line":108,"column":4}}},"11":{"name":"token","line":114,"loc":{"start":{"line":114,"column":4},"end":{"line":116,"column":4}}},"12":{"name":"supportsHistory","line":122,"loc":{"start":{"line":122,"column":4},"end":{"line":124,"column":4}}},"13":{"name":"getReward","line":132,"loc":{"start":{"line":132,"column":4},"end":{"line":135,"column":4}}}},"statementMap":{"1":{"start":{"line":24,"column":8},"end":{"line":24,"column":27}},"2":{"start":{"line":25,"column":8},"end":{"line":25,"column":74}},"3":{"start":{"line":26,"column":8},"end":{"line":26,"column":70}},"4":{"start":{"line":30,"column":8},"end":{"line":30,"column":72}},"5":{"start":{"line":31,"column":8},"end":{"line":31,"column":33}},"6":{"start":{"line":35,"column":8},"end":{"line":35,"column":60}},"7":{"start":{"line":36,"column":8},"end":{"line":36,"column":32}},"8":{"start":{"line":45,"column":8},"end":{"line":45,"column":41}},"9":{"start":{"line":56,"column":8},"end":{"line":56,"column":65}},"10":{"start":{"line":57,"column":8},"end":{"line":57,"column":53}},"11":{"start":{"line":58,"column":8},"end":{"line":58,"column":55}},"12":{"start":{"line":59,"column":8},"end":{"line":59,"column":67}},"13":{"start":{"line":60,"column":8},"end":{"line":60,"column":78}},"14":{"start":{"line":69,"column":8},"end":{"line":69,"column":59}},"15":{"start":{"line":70,"column":8},"end":{"line":70,"column":61}},"16":{"start":{"line":71,"column":8},"end":{"line":71,"column":46}},"17":{"start":{"line":72,"column":8},"end":{"line":72,"column":75}},"18":{"start":{"line":73,"column":8},"end":{"line":73,"column":78}},"19":{"start":{"line":81,"column":8},"end":{"line":81,"column":60}},"20":{"start":{"line":82,"column":8},"end":{"line":82,"column":61}},"21":{"start":{"line":91,"column":8},"end":{"line":91,"column":59}},"22":{"start":{"line":99,"column":8},"end":{"line":99,"column":49}},"23":{"start":{"line":106,"column":8},"end":{"line":106,"column":54}},"24":{"start":{"line":107,"column":8},"end":{"line":107,"column":50}},"25":{"start":{"line":115,"column":8},"end":{"line":115,"column":30}},"26":{"start":{"line":123,"column":8},"end":{"line":123,"column":20}},"27":{"start":{"line":133,"column":8},"end":{"line":133,"column":53}},"28":{"start":{"line":134,"column":8},"end":{"line":134,"column":58}}},"branchMap":{}},"contracts/StakingERC721.sol":{"l":{"25":103,"26":103,"27":103,"28":103,"32":2,"33":2,"37":4,"38":4,"47":0,"58":6,"60":18,"61":15,"62":15,"65":3,"66":3,"70":6,"72":6,"73":6,"82":1,"84":1,"85":1,"86":1,"88":0,"90":1,"91":2,"92":2,"93":2,"94":2,"96":0,"99":1,"100":1,"108":1,"117":20,"124":0,"132":13,"141":13},"path":"/home/dev/git/eefi_contracts/contracts/StakingERC721.sol","s":{"1":103,"2":103,"3":103,"4":103,"5":2,"6":2,"7":4,"8":4,"9":0,"10":6,"11":18,"12":15,"13":15,"14":3,"15":3,"16":6,"17":6,"18":6,"19":1,"20":1,"21":1,"22":1,"23":0,"24":1,"25":2,"26":2,"27":2,"28":2,"29":0,"30":1,"31":1,"32":1,"33":20,"34":0,"35":13,"36":13},"b":{"1":[15,3],"2":[1,0],"3":[2,0]},"f":{"1":103,"2":2,"3":4,"4":0,"5":6,"6":1,"7":1,"8":20,"9":0,"10":13,"11":13},"fnMap":{"1":{"name":"constructor","line":24,"loc":{"start":{"line":24,"column":4},"end":{"line":29,"column":4}}},"2":{"name":"distribute_eth","line":31,"loc":{"start":{"line":31,"column":4},"end":{"line":34,"column":4}}},"3":{"name":"distribute","line":36,"loc":{"start":{"line":36,"column":4},"end":{"line":39,"column":4}}},"4":{"name":"stake","line":46,"loc":{"start":{"line":46,"column":4},"end":{"line":48,"column":4}}},"5":{"name":"stakeFor","line":56,"loc":{"start":{"line":56,"column":4},"end":{"line":74,"column":4}}},"6":{"name":"unstake","line":81,"loc":{"start":{"line":81,"column":4},"end":{"line":101,"column":4}}},"7":{"name":"withdraw","line":107,"loc":{"start":{"line":107,"column":4},"end":{"line":109,"column":4}}},"8":{"name":"totalStakedFor","line":116,"loc":{"start":{"line":116,"column":4},"end":{"line":118,"column":4}}},"9":{"name":"totalReward","line":123,"loc":{"start":{"line":123,"column":4},"end":{"line":125,"column":4}}},"10":{"name":"totalStaked","line":131,"loc":{"start":{"line":131,"column":4},"end":{"line":133,"column":4}}},"11":{"name":"getReward","line":140,"loc":{"start":{"line":140,"column":4},"end":{"line":142,"column":4}}}},"statementMap":{"1":{"start":{"line":25,"column":8},"end":{"line":25,"column":23}},"2":{"start":{"line":26,"column":8},"end":{"line":26,"column":23}},"3":{"start":{"line":27,"column":8},"end":{"line":27,"column":19}},"4":{"start":{"line":28,"column":8},"end":{"line":28,"column":65}},"5":{"start":{"line":32,"column":8},"end":{"line":32,"column":70}},"6":{"start":{"line":33,"column":8},"end":{"line":33,"column":33}},"7":{"start":{"line":37,"column":8},"end":{"line":37,"column":63}},"8":{"start":{"line":38,"column":8},"end":{"line":38,"column":33}},"9":{"start":{"line":47,"column":8},"end":{"line":47,"column":42}},"10":{"start":{"line":58,"column":8},"end":{"line":58,"column":2134}},"11":{"start":{"line":60,"column":12},"end":{"line":60,"column":2202}},"12":{"start":{"line":61,"column":16},"end":{"line":61,"column":52}},"13":{"start":{"line":62,"column":16},"end":{"line":62,"column":69}},"14":{"start":{"line":65,"column":16},"end":{"line":65,"column":52}},"15":{"start":{"line":66,"column":16},"end":{"line":66,"column":69}},"16":{"start":{"line":70,"column":8},"end":{"line":70,"column":55}},"17":{"start":{"line":72,"column":8},"end":{"line":72,"column":65}},"18":{"start":{"line":73,"column":8},"end":{"line":73,"column":76}},"19":{"start":{"line":82,"column":8},"end":{"line":82,"column":57}},"20":{"start":{"line":84,"column":8},"end":{"line":84,"column":32}},"21":{"start":{"line":85,"column":8},"end":{"line":85,"column":3262}},"22":{"start":{"line":86,"column":12},"end":{"line":86,"column":47}},"23":{"start":{"line":88,"column":12},"end":{"line":88,"column":47}},"24":{"start":{"line":90,"column":8},"end":{"line":90,"column":3357}},"25":{"start":{"line":91,"column":12},"end":{"line":91,"column":50}},"26":{"start":{"line":92,"column":12},"end":{"line":92,"column":23}},"27":{"start":{"line":93,"column":12},"end":{"line":93,"column":3540}},"28":{"start":{"line":94,"column":16},"end":{"line":94,"column":65}},"29":{"start":{"line":96,"column":16},"end":{"line":96,"column":65}},"30":{"start":{"line":99,"column":8},"end":{"line":99,"column":69}},"31":{"start":{"line":100,"column":8},"end":{"line":100,"column":76}},"32":{"start":{"line":108,"column":8},"end":{"line":108,"column":58}},"33":{"start":{"line":117,"column":8},"end":{"line":117,"column":57}},"34":{"start":{"line":124,"column":8},"end":{"line":124,"column":50}},"35":{"start":{"line":132,"column":8},"end":{"line":132,"column":47}},"36":{"start":{"line":141,"column":8},"end":{"line":141,"column":50}}},"branchMap":{"1":{"line":60,"type":"if","locations":[{"start":{"line":60,"column":12},"end":{"line":60,"column":12}},{"start":{"line":60,"column":12},"end":{"line":60,"column":12}}]},"2":{"line":85,"type":"if","locations":[{"start":{"line":85,"column":8},"end":{"line":85,"column":8}},{"start":{"line":85,"column":8},"end":{"line":85,"column":8}}]},"3":{"line":93,"type":"if","locations":[{"start":{"line":93,"column":12},"end":{"line":93,"column":12}},{"start":{"line":93,"column":12},"end":{"line":93,"column":12}}]}}},"contracts/tests/FakeAMPL.sol":{"l":{"9":81,"10":81},"path":"/home/dev/git/eefi_contracts/contracts/tests/FakeAMPL.sol","s":{"1":81,"2":81},"b":{},"f":{"1":81},"fnMap":{"1":{"name":"constructor","line":8,"loc":{"start":{"line":8,"column":4},"end":{"line":11,"column":4}}}},"statementMap":{"1":{"start":{"line":9,"column":8},"end":{"line":9,"column":29}},"2":{"start":{"line":10,"column":8},"end":{"line":10,"column":34}}},"branchMap":{}},"contracts/tests/FakeERC20.sol":{"l":{"7":183,"8":183,"12":4,"13":4,"15":0},"path":"/home/dev/git/eefi_contracts/contracts/tests/FakeERC20.sol","s":{"1":183,"2":183,"3":4,"4":4,"5":0},"b":{"1":[4,0]},"f":{"1":183,"2":4},"fnMap":{"1":{"name":"constructor","line":6,"loc":{"start":{"line":6,"column":4},"end":{"line":9,"column":4}}},"2":{"name":"rebase","line":11,"loc":{"start":{"line":11,"column":4},"end":{"line":17,"column":4}}}},"statementMap":{"1":{"start":{"line":7,"column":8},"end":{"line":7,"column":32}},"2":{"start":{"line":8,"column":8},"end":{"line":8,"column":51}},"3":{"start":{"line":12,"column":8},"end":{"line":12,"column":334}},"4":{"start":{"line":13,"column":12},"end":{"line":13,"column":45}},"5":{"start":{"line":15,"column":12},"end":{"line":15,"column":46}}},"branchMap":{"1":{"line":12,"type":"if","locations":[{"start":{"line":12,"column":8},"end":{"line":12,"column":8}},{"start":{"line":12,"column":8},"end":{"line":12,"column":8}}]}}},"contracts/tests/FakeERC721.sol":{"l":{"8":204,"9":4080},"path":"/home/dev/git/eefi_contracts/contracts/tests/FakeERC721.sol","s":{"1":204,"2":4080},"b":{},"f":{"1":204},"fnMap":{"1":{"name":"constructor","line":7,"loc":{"start":{"line":7,"column":4},"end":{"line":11,"column":4}}}},"statementMap":{"1":{"start":{"line":8,"column":8},"end":{"line":8,"column":198}},"2":{"start":{"line":9,"column":12},"end":{"line":9,"column":34}}},"branchMap":{}},"contracts/tests/Imports6.sol":{"l":{},"path":"/home/dev/git/eefi_contracts/contracts/tests/Imports6.sol","s":{},"b":{},"f":{},"fnMap":{},"statementMap":{},"branchMap":{}},"contracts/tests/Imports7.sol":{"l":{},"path":"/home/dev/git/eefi_contracts/contracts/tests/Imports7.sol","s":{},"b":{},"f":{},"fnMap":{},"statementMap":{},"branchMap":{}},"contracts/tests/MockTrader.sol":{"l":{"18":81,"19":81,"20":81,"21":81,"32":4,"33":4,"34":4,"35":4,"42":2,"43":2,"44":2,"45":2},"path":"/home/dev/git/eefi_contracts/contracts/tests/MockTrader.sol","s":{"1":81,"2":81,"3":81,"4":81,"5":4,"6":4,"7":4,"8":4,"9":2,"10":2,"11":2,"12":2},"b":{},"f":{"1":81,"2":4,"3":2},"fnMap":{"1":{"name":"constructor","line":17,"loc":{"start":{"line":17,"column":4},"end":{"line":22,"column":4}}},"2":{"name":"sellAMPLForOHM","line":31,"loc":{"start":{"line":31,"column":4},"end":{"line":36,"column":4}}},"3":{"name":"sellAMPLForEEFI","line":41,"loc":{"start":{"line":41,"column":4},"end":{"line":46,"column":4}}}},"statementMap":{"1":{"start":{"line":18,"column":8},"end":{"line":18,"column":31}},"2":{"start":{"line":19,"column":8},"end":{"line":19,"column":31}},"3":{"start":{"line":20,"column":8},"end":{"line":20,"column":29}},"4":{"start":{"line":21,"column":8},"end":{"line":21,"column":31}},"5":{"start":{"line":32,"column":8},"end":{"line":32,"column":65}},"6":{"start":{"line":33,"column":8},"end":{"line":33,"column":47}},"7":{"start":{"line":34,"column":8},"end":{"line":34,"column":37}},"8":{"start":{"line":35,"column":8},"end":{"line":35,"column":40}},"9":{"start":{"line":42,"column":8},"end":{"line":42,"column":65}},"10":{"start":{"line":43,"column":8},"end":{"line":43,"column":49}},"11":{"start":{"line":44,"column":8},"end":{"line":44,"column":54}},"12":{"start":{"line":45,"column":8},"end":{"line":45,"column":42}}},"branchMap":{}},"contracts/tests/TokenDistributor.sol":{"l":{"16":0,"17":0,"18":0,"19":0,"20":0,"24":0,"28":0,"32":0,"36":0,"40":0},"path":"/home/dev/git/eefi_contracts/contracts/tests/TokenDistributor.sol","s":{"1":0,"2":0,"3":0,"4":0,"5":0,"6":0,"7":0,"8":0,"9":0,"10":0},"b":{},"f":{"1":0,"2":0,"3":0,"4":0,"5":0,"6":0},"fnMap":{"1":{"name":"constructor","line":15,"loc":{"start":{"line":15,"column":4},"end":{"line":21,"column":4}}},"2":{"name":"getAMPL","line":23,"loc":{"start":{"line":23,"column":4},"end":{"line":25,"column":4}}},"3":{"name":"getEEFI","line":27,"loc":{"start":{"line":27,"column":4},"end":{"line":29,"column":4}}},"4":{"name":"getKMPL","line":31,"loc":{"start":{"line":31,"column":4},"end":{"line":33,"column":4}}},"5":{"name":"getKMPLETHLP","line":35,"loc":{"start":{"line":35,"column":4},"end":{"line":37,"column":4}}},"6":{"name":"getEEFIETHLP","line":39,"loc":{"start":{"line":39,"column":4},"end":{"line":41,"column":4}}}},"statementMap":{"1":{"start":{"line":16,"column":8},"end":{"line":16,"column":25}},"2":{"start":{"line":17,"column":8},"end":{"line":17,"column":25}},"3":{"start":{"line":18,"column":8},"end":{"line":18,"column":25}},"4":{"start":{"line":19,"column":8},"end":{"line":19,"column":29}},"5":{"start":{"line":20,"column":8},"end":{"line":20,"column":29}},"6":{"start":{"line":24,"column":8},"end":{"line":24,"column":49}},"7":{"start":{"line":28,"column":8},"end":{"line":28,"column":49}},"8":{"start":{"line":32,"column":8},"end":{"line":32,"column":49}},"9":{"start":{"line":36,"column":8},"end":{"line":36,"column":49}},"10":{"start":{"line":40,"column":8},"end":{"line":40,"column":49}}},"branchMap":{}}}